<?xml version="1.0" encoding="UTF-8" standalone="no"?>
<!DOCTYPE log SYSTEM "logger.dtd">
<log>
<record>
  <date>2022-04-27T03:38:30</date>
  <millis>1651019910873</millis>
  <sequence>0</sequence>
  <logger>global</logger>
  <level>INFO</level>
  <class>client.Run</class>
  <method>main</method>
  <thread>1</thread>
  <message>Program is running.</message>
</record>
<record>
  <date>2022-04-27T03:38:53</date>
  <millis>1651019933353</millis>
  <sequence>1</sequence>
  <logger>global</logger>
  <level>INFO</level>
  <class>client.Run</class>
  <method>main</method>
  <thread>1</thread>
  <message>Program successful complete.</message>
</record>
</log>
